<?xml version="1.0" encoding="UTF-8"?>
<!-- Generated by org.testng.reporters.JUnitReportReporter -->
<testsuite hostname="Dell" failures="0" tests="1" name="pakage_2.Stream_Lambda" time="0.074" errors="0" timestamp="07 Mar 2023 09:33:36 GMT" skipped="0">
  <testcase classname="pakage_2.Stream_Lambda" name="m1" time="0.074"/>
</testsuite> <!-- pakage_2.Stream_Lambda -->
